<?xml version="1.0" encoding="UTF-8"?>
<!-- Generated by org.testng.reporters.JUnitReportReporter -->
<testsuite hostname="DESKTOP-TBF7BFO" failures="0" tests="7" name="testCases.DashboardPageTest" time="74.160" errors="0" timestamp="2022-08-19T01:15:43 IST" skipped="0">
  <testcase classname="testCases.DashboardPageTest" name="validateBlogPageBtnTest" time="10.752"/>
  <system-out/>
  <testcase classname="testCases.DashboardPageTest" name="validateContactsPageBtnTest" time="8.890"/>
  <system-out/>
  <testcase classname="testCases.DashboardPageTest" name="validateWorkPageBtnTest" time="16.579"/>
  <system-out/>
  <testcase classname="testCases.DashboardPageTest" name="validateAboutPageBtnTest" time="11.226"/>
  <system-out/>
  <testcase classname="testCases.DashboardPageTest" name="validateDashBoardPagetitlTest" time="9.237"/>
  <system-out/>
  <testcase classname="testCases.DashboardPageTest" name="validateLogoTest" time="7.614"/>
  <system-out/>
  <testcase classname="testCases.DashboardPageTest" name="validateServicePageBtnTest" time="9.862"/>
  <system-out/>
</testsuite> <!-- testCases.DashboardPageTest -->
