<?xml version="1.0" encoding="UTF-8"?>
<!-- Generated by org.testng.reporters.JUnitReportReporter -->
<testsuite hostname="DESKTOP-TBF7BFO" failures="0" tests="1" name="testCases.ContactsPageTest" time="27.356" errors="0" timestamp="2022-08-19T09:38:01 IST" skipped="0">
  <testcase classname="testCases.ContactsPageTest" name="validatenameTextBoxTest" time="27.356"/>
  <system-out/>
</testsuite> <!-- testCases.ContactsPageTest -->
